TN:
SF:src/App.jsx
FN:4,(anonymous_0)
FN:13,(anonymous_1)
FNF:2
FNH:1
FNDA:2,(anonymous_0)
FNDA:0,(anonymous_1)
DA:4,1
DA:5,2
DA:7,2
DA:14,0
LF:4
LH:3
BRDA:11,0,0,2
BRDA:11,0,1,2
BRF:2
BRH:2
end_of_record
TN:
SF:src/components/ItemGrid.jsx
FN:3,(anonymous_0)
FNF:1
FNH:1
FNDA:2,(anonymous_0)
DA:3,2
DA:4,2
DA:21,2
LF:3
LH:3
BRF:0
BRH:0
end_of_record
TN:
SF:src/hooks/useFetchIndices.js
FN:4,(anonymous_0)
FN:9,(anonymous_1)
FN:15,(anonymous_2)
FNF:3
FNH:3
FNDA:2,(anonymous_0)
FNDA:2,(anonymous_1)
FNDA:2,(anonymous_2)
DA:4,1
DA:6,2
DA:7,2
DA:9,2
DA:10,2
DA:11,0
DA:12,0
DA:15,2
DA:16,2
DA:19,2
LF:10
LH:8
BRF:0
BRH:0
end_of_record
TN:
SF:src/services/api.js
FN:2,(anonymous_0)
FN:10,(anonymous_1)
FNF:2
FNH:2
FNDA:3,(anonymous_0)
FNDA:15,(anonymous_1)
DA:2,2
DA:3,3
DA:5,3
DA:6,1
DA:8,1
DA:10,1
DA:11,15
DA:13,12
DA:16,1
LF:9
LH:9
BRDA:11,0,0,12
BRDA:11,0,1,3
BRF:2
BRH:2
end_of_record
